<?xml version="1.0" encoding="UTF-8"?>
<testng-results ignored="0" total="7" passed="5" failed="2" skipped="0">
  <reporter-output>
  </reporter-output>
  <suite started-at="2024-10-05T17:27:23 IST" name="SBI_Banking_project" finished-at="2024-10-05T17:28:32 IST" duration-ms="69070">
    <groups>
    </groups>
    <test started-at="2024-10-05T17:27:23 IST" name="SBI Banking Test" finished-at="2024-10-05T17:28:32 IST" duration-ms="69070">
      <class name="com.sbibanking.testCases.TC_AddCustomerTest_003">
        <test-method is-config="true" signature="setup(java.lang.String)[pri:0, instance:com.sbibanking.testCases.TC_AddCustomerTest_003@48bb62]" started-at="2024-10-05T17:28:10 IST" name="setup" finished-at="2024-10-05T17:28:16 IST" duration-ms="5735" status="PASS">
          <params>
            <param index="0">
              <value>
                <![CDATA[chrome]]>
              </value>
            </param>
          </params>
          <reporter-output>
          </reporter-output>
        </test-method> <!-- setup -->
        <test-method signature="addNewCustomer()[pri:0, instance:com.sbibanking.testCases.TC_AddCustomerTest_003@48bb62]" started-at="2024-10-05T17:28:16 IST" name="addNewCustomer" finished-at="2024-10-05T17:28:32 IST" duration-ms="15315" status="PASS">
          <reporter-output>
          </reporter-output>
        </test-method> <!-- addNewCustomer -->
        <test-method is-config="true" signature="tearDown()[pri:0, instance:com.sbibanking.testCases.TC_AddCustomerTest_003@48bb62]" started-at="2024-10-05T17:28:32 IST" name="tearDown" finished-at="2024-10-05T17:28:32 IST" duration-ms="144" status="PASS">
          <reporter-output>
          </reporter-output>
        </test-method> <!-- tearDown -->
      </class> <!-- com.sbibanking.testCases.TC_AddCustomerTest_003 -->
      <class name="com.sbibanking.testCases.TC_LoginDDT_002">
        <test-method is-config="true" signature="setup(java.lang.String)[pri:0, instance:com.sbibanking.testCases.TC_LoginDDT_002@5032714f]" started-at="2024-10-05T17:27:29 IST" name="setup" finished-at="2024-10-05T17:27:32 IST" duration-ms="3493" status="PASS">
          <params>
            <param index="0">
              <value>
                <![CDATA[chrome]]>
              </value>
            </param>
          </params>
          <reporter-output>
          </reporter-output>
        </test-method> <!-- setup -->
        <test-method signature="loginDDt(java.lang.String,java.lang.String)[pri:0, instance:com.sbibanking.testCases.TC_LoginDDT_002@5032714f]" started-at="2024-10-05T17:27:33 IST" name="loginDDt" data-provider="LoginData" finished-at="2024-10-05T17:27:42 IST" duration-ms="9310" status="PASS">
          <params>
            <param index="0">
              <value>
                <![CDATA[mngr595754]]>
              </value>
            </param>
            <param index="1">
              <value>
                <![CDATA[bujEhyn]]>
              </value>
            </param>
          </params>
          <reporter-output>
          </reporter-output>
        </test-method> <!-- loginDDt -->
        <test-method signature="loginDDt(java.lang.String,java.lang.String)[pri:0, instance:com.sbibanking.testCases.TC_LoginDDT_002@5032714f]" started-at="2024-10-05T17:27:42 IST" name="loginDDt" data-provider="LoginData" finished-at="2024-10-05T17:27:47 IST" duration-ms="4797" status="FAIL">
          <params>
            <param index="0">
              <value>
                <![CDATA[mngr595982]]>
              </value>
            </param>
            <param index="1">
              <value>
                <![CDATA[baqydaAp]]>
              </value>
            </param>
          </params>
          <exception class="java.lang.AssertionError">
            <message>
              <![CDATA[expected [true] but found [false]]]>
            </message>
            <full-stacktrace>
              <![CDATA[java.lang.AssertionError: expected [true] but found [false]
at org.testng.Assert.fail(Assert.java:111)
at org.testng.Assert.failNotEquals(Assert.java:1578)
at org.testng.Assert.assertTrue(Assert.java:57)
at org.testng.Assert.assertTrue(Assert.java:67)
at com.sbibanking.testCases.TC_LoginDDT_002.loginDDt(TC_LoginDDT_002.java:36)
at java.base/jdk.internal.reflect.NativeMethodAccessorImpl.invoke0(Native Method)
at java.base/jdk.internal.reflect.NativeMethodAccessorImpl.invoke(NativeMethodAccessorImpl.java:77)
at java.base/jdk.internal.reflect.DelegatingMethodAccessorImpl.invoke(DelegatingMethodAccessorImpl.java:43)
at java.base/java.lang.reflect.Method.invoke(Method.java:568)
at org.testng.internal.invokers.MethodInvocationHelper.invokeMethod(MethodInvocationHelper.java:141)
at org.testng.internal.invokers.TestInvoker.invokeMethod(TestInvoker.java:686)
at org.testng.internal.invokers.TestInvoker.invokeTestMethod(TestInvoker.java:230)
at org.testng.internal.invokers.MethodRunner.runInSequence(MethodRunner.java:63)
at org.testng.internal.invokers.TestInvoker$MethodInvocationAgent.invoke(TestInvoker.java:992)
at org.testng.internal.invokers.TestInvoker.invokeTestMethods(TestInvoker.java:203)
at org.testng.internal.invokers.TestMethodWorker.invokeTestMethods(TestMethodWorker.java:154)
at org.testng.internal.invokers.TestMethodWorker.run(TestMethodWorker.java:134)
at java.base/java.util.ArrayList.forEach(ArrayList.java:1511)
at org.testng.TestRunner.privateRun(TestRunner.java:739)
at org.testng.TestRunner.run(TestRunner.java:614)
at org.testng.SuiteRunner.runTest(SuiteRunner.java:421)
at org.testng.SuiteRunner.runSequentially(SuiteRunner.java:413)
at org.testng.SuiteRunner.privateRun(SuiteRunner.java:373)
at org.testng.SuiteRunner.run(SuiteRunner.java:312)
at org.testng.SuiteRunnerWorker.runSuite(SuiteRunnerWorker.java:52)
at org.testng.SuiteRunnerWorker.run(SuiteRunnerWorker.java:95)
at org.testng.TestNG.runSuitesSequentially(TestNG.java:1274)
at org.testng.TestNG.runSuitesLocally(TestNG.java:1208)
at org.testng.TestNG.runSuites(TestNG.java:1112)
at org.testng.TestNG.run(TestNG.java:1079)
at org.testng.remote.AbstractRemoteTestNG.run(AbstractRemoteTestNG.java:115)
at org.testng.remote.RemoteTestNG.initAndRun(RemoteTestNG.java:293)
at org.testng.remote.RemoteTestNG.main(RemoteTestNG.java:91)
]]>
            </full-stacktrace>
          </exception> <!-- java.lang.AssertionError -->
          <reporter-output>
          </reporter-output>
        </test-method> <!-- loginDDt -->
        <test-method signature="loginDDt(java.lang.String,java.lang.String)[pri:0, instance:com.sbibanking.testCases.TC_LoginDDT_002@5032714f]" started-at="2024-10-05T17:27:47 IST" name="loginDDt" data-provider="LoginData" finished-at="2024-10-05T17:27:56 IST" duration-ms="9225" status="PASS">
          <params>
            <param index="0">
              <value>
                <![CDATA[mngr595983]]>
              </value>
            </param>
            <param index="1">
              <value>
                <![CDATA[Erymeja]]>
              </value>
            </param>
          </params>
          <reporter-output>
          </reporter-output>
        </test-method> <!-- loginDDt -->
        <test-method signature="loginDDt(java.lang.String,java.lang.String)[pri:0, instance:com.sbibanking.testCases.TC_LoginDDT_002@5032714f]" started-at="2024-10-05T17:27:56 IST" name="loginDDt" data-provider="LoginData" finished-at="2024-10-05T17:28:01 IST" duration-ms="4921" status="FAIL">
          <params>
            <param index="0">
              <value>
                <![CDATA[mngr595984]]>
              </value>
            </param>
            <param index="1">
              <value>
                <![CDATA[apUtUzru]]>
              </value>
            </param>
          </params>
          <exception class="java.lang.AssertionError">
            <message>
              <![CDATA[expected [true] but found [false]]]>
            </message>
            <full-stacktrace>
              <![CDATA[java.lang.AssertionError: expected [true] but found [false]
at org.testng.Assert.fail(Assert.java:111)
at org.testng.Assert.failNotEquals(Assert.java:1578)
at org.testng.Assert.assertTrue(Assert.java:57)
at org.testng.Assert.assertTrue(Assert.java:67)
at com.sbibanking.testCases.TC_LoginDDT_002.loginDDt(TC_LoginDDT_002.java:36)
at java.base/jdk.internal.reflect.NativeMethodAccessorImpl.invoke0(Native Method)
at java.base/jdk.internal.reflect.NativeMethodAccessorImpl.invoke(NativeMethodAccessorImpl.java:77)
at java.base/jdk.internal.reflect.DelegatingMethodAccessorImpl.invoke(DelegatingMethodAccessorImpl.java:43)
at java.base/java.lang.reflect.Method.invoke(Method.java:568)
at org.testng.internal.invokers.MethodInvocationHelper.invokeMethod(MethodInvocationHelper.java:141)
at org.testng.internal.invokers.TestInvoker.invokeMethod(TestInvoker.java:686)
at org.testng.internal.invokers.TestInvoker.invokeTestMethod(TestInvoker.java:230)
at org.testng.internal.invokers.MethodRunner.runInSequence(MethodRunner.java:63)
at org.testng.internal.invokers.TestInvoker$MethodInvocationAgent.invoke(TestInvoker.java:992)
at org.testng.internal.invokers.TestInvoker.invokeTestMethods(TestInvoker.java:203)
at org.testng.internal.invokers.TestMethodWorker.invokeTestMethods(TestMethodWorker.java:154)
at org.testng.internal.invokers.TestMethodWorker.run(TestMethodWorker.java:134)
at java.base/java.util.ArrayList.forEach(ArrayList.java:1511)
at org.testng.TestRunner.privateRun(TestRunner.java:739)
at org.testng.TestRunner.run(TestRunner.java:614)
at org.testng.SuiteRunner.runTest(SuiteRunner.java:421)
at org.testng.SuiteRunner.runSequentially(SuiteRunner.java:413)
at org.testng.SuiteRunner.privateRun(SuiteRunner.java:373)
at org.testng.SuiteRunner.run(SuiteRunner.java:312)
at org.testng.SuiteRunnerWorker.runSuite(SuiteRunnerWorker.java:52)
at org.testng.SuiteRunnerWorker.run(SuiteRunnerWorker.java:95)
at org.testng.TestNG.runSuitesSequentially(TestNG.java:1274)
at org.testng.TestNG.runSuitesLocally(TestNG.java:1208)
at org.testng.TestNG.runSuites(TestNG.java:1112)
at org.testng.TestNG.run(TestNG.java:1079)
at org.testng.remote.AbstractRemoteTestNG.run(AbstractRemoteTestNG.java:115)
at org.testng.remote.RemoteTestNG.initAndRun(RemoteTestNG.java:293)
at org.testng.remote.RemoteTestNG.main(RemoteTestNG.java:91)
]]>
            </full-stacktrace>
          </exception> <!-- java.lang.AssertionError -->
          <reporter-output>
          </reporter-output>
        </test-method> <!-- loginDDt -->
        <test-method signature="loginDDt(java.lang.String,java.lang.String)[pri:0, instance:com.sbibanking.testCases.TC_LoginDDT_002@5032714f]" started-at="2024-10-05T17:28:01 IST" name="loginDDt" data-provider="LoginData" finished-at="2024-10-05T17:28:10 IST" duration-ms="8948" status="PASS">
          <params>
            <param index="0">
              <value>
                <![CDATA[mngr595985]]>
              </value>
            </param>
            <param index="1">
              <value>
                <![CDATA[aqevUrY]]>
              </value>
            </param>
          </params>
          <reporter-output>
          </reporter-output>
        </test-method> <!-- loginDDt -->
        <test-method is-config="true" signature="tearDown()[pri:0, instance:com.sbibanking.testCases.TC_LoginDDT_002@5032714f]" started-at="2024-10-05T17:28:10 IST" name="tearDown" finished-at="2024-10-05T17:28:10 IST" duration-ms="139" status="PASS">
          <reporter-output>
          </reporter-output>
        </test-method> <!-- tearDown -->
      </class> <!-- com.sbibanking.testCases.TC_LoginDDT_002 -->
      <class name="com.sbibanking.testCases.TC_LoginTest_001">
        <test-method is-config="true" signature="setup(java.lang.String)[pri:0, instance:com.sbibanking.testCases.TC_LoginTest_001@413d1baf]" started-at="2024-10-05T17:27:23 IST" name="setup" finished-at="2024-10-05T17:27:27 IST" duration-ms="4119" status="PASS">
          <params>
            <param index="0">
              <value>
                <![CDATA[chrome]]>
              </value>
            </param>
          </params>
          <reporter-output>
          </reporter-output>
        </test-method> <!-- setup -->
        <test-method signature="loginTest()[pri:0, instance:com.sbibanking.testCases.TC_LoginTest_001@413d1baf]" started-at="2024-10-05T17:27:27 IST" name="loginTest" finished-at="2024-10-05T17:27:29 IST" duration-ms="1696" status="PASS">
          <reporter-output>
          </reporter-output>
        </test-method> <!-- loginTest -->
        <test-method is-config="true" signature="tearDown()[pri:0, instance:com.sbibanking.testCases.TC_LoginTest_001@413d1baf]" started-at="2024-10-05T17:27:29 IST" name="tearDown" finished-at="2024-10-05T17:27:29 IST" duration-ms="111" status="PASS">
          <reporter-output>
          </reporter-output>
        </test-method> <!-- tearDown -->
      </class> <!-- com.sbibanking.testCases.TC_LoginTest_001 -->
    </test> <!-- SBI Banking Test -->
  </suite> <!-- SBI_Banking_project -->
</testng-results>
